<?xml version="1.0" encoding="UTF-8"?>
<!-- Generated by org.testng.reporters.JUnitReportReporter -->
<testsuite hostname="DESKTOP-675RD7N" failures="0" tests="5" name="TestStringCalculator" time="0.046" errors="0" timestamp="2021-10-16T19:43:36 IST" skipped="0">
  <testcase classname="TestStringCalculator" name="negativeInputReturnsException" time="0.012"/>
  <system-out/>
  <testcase classname="TestStringCalculator" name="returnsZero" time="0.004"/>
  <system-out/>
  <testcase classname="TestStringCalculator" name="twoNumbersNewLineDelimiterReturnSum" time="0.013"/>
  <system-out/>
  <testcase classname="TestStringCalculator" name="returnsValue" time="0.008"/>
  <system-out/>
  <testcase classname="TestStringCalculator" name="sumOfNumbers" time="0.009"/>
  <system-out/>
</testsuite> <!-- TestStringCalculator -->
